# JRE version: OpenJDK Runtime Environment Temurin-17.0.7+7 (17.0.7+7) (build 17.0.7+7)
# Java VM: OpenJDK 64-Bit Server VM Temurin-17.0.7+7 (17.0.7+7, mixed mode, emulated-client, tiered, compressed oops, compressed class ptrs, g1 gc, windows-amd64)
GC Precious Log:
 CPUs: 4 total, 4 available
 Memory: 3521M
 Large Page Support: Disabled
 NUMA Support: Disabled
 Compressed Oops: Enabled (32-bit)
 Heap Region Size: 1M
 Heap Min Capacity: 8M
 Heap Initial Capacity: 56M
 Heap Max Capacity: 1G
 Pre-touch: Disabled
 Parallel Workers: 4
 Concurrent Workers: 1
 Concurrent Refinement Workers: 4
 Periodic GC: Disabled
Heap:
 garbage-first heap   total 57344K, used 18040K [0x00000000c0000000, 0x0000000100000000)
  region size 1024K, 1 young (1024K), 0 survivors (0K)
 Metaspace       used 37018K, committed 37568K, reserved 1114112K
  class space    used 4785K, committed 4992K, reserved 1048576K
GC Heap History (20 events):
Event: 686.989 GC heap before
{Heap before GC invocations=74 (full 62):
 garbage-first heap   total 57344K, used 18040K [0x00000000c0000000, 0x0000000100000000)
  region size 1024K, 1 young (1024K), 0 survivors (0K)
 Metaspace       used 37018K, committed 37568K, reserved 1114112K
  class space    used 4785K, committed 4992K, reserved 1048576K
}
Event: 687.016 GC heap after
{Heap after GC invocations=75 (full 63):
 garbage-first heap   total 57344K, used 18040K [0x00000000c0000000, 0x0000000100000000)
  region size 1024K, 0 young (0K), 0 survivors (0K)
 Metaspace       used 37018K, committed 37568K, reserved 1114112K
  class space    used 4785K, committed 4992K, reserved 1048576K
}
Event: 697.199 GC heap before
{Heap before GC invocations=75 (full 63):
 garbage-first heap   total 57344K, used 18040K [0x00000000c0000000, 0x0000000100000000)
  region size 1024K, 1 young (1024K), 0 survivors (0K)
 Metaspace       used 37018K, committed 37568K, reserved 1114112K
  class space    used 4785K, committed 4992K, reserved 1048576K
}
Event: 697.221 GC heap after
{Heap after GC invocations=76 (full 64):
 garbage-first heap   total 57344K, used 18040K [0x00000000c0000000, 0x0000000100000000)
  region size 1024K, 0 young (0K), 0 survivors (0K)
 Metaspace       used 37018K, committed 37568K, reserved 1114112K
  class space    used 4785K, committed 4992K, reserved 1048576K
}
Event: 707.388 GC heap before
{Heap before GC invocations=76 (full 64):
 garbage-first heap   total 57344K, used 18040K [0x00000000c0000000, 0x0000000100000000)
  region size 1024K, 1 young (1024K), 0 survivors (0K)
 Metaspace       used 37018K, committed 37568K, reserved 1114112K
  class space    used 4785K, committed 4992K, reserved 1048576K
}
Event: 707.411 GC heap after
{Heap after GC invocations=77 (full 65):
 garbage-first heap   total 57344K, used 18040K [0x00000000c0000000, 0x0000000100000000)
  region size 1024K, 0 young (0K), 0 survivors (0K)
 Metaspace       used 37018K, committed 37568K, reserved 1114112K
  class space    used 4785K, committed 4992K, reserved 1048576K
}
Event: 717.665 GC heap before
{Heap before GC invocations=77 (full 65):
 garbage-first heap   total 57344K, used 18040K [0x00000000c0000000, 0x0000000100000000)
  region size 1024K, 1 young (1024K), 0 survivors (0K)
 Metaspace       used 37018K, committed 37568K, reserved 1114112K
  class space    used 4785K, committed 4992K, reserved 1048576K
}
Event: 717.705 GC heap after
{Heap after GC invocations=78 (full 66):
 garbage-first heap   total 57344K, used 18040K [0x00000000c0000000, 0x0000000100000000)
  region size 1024K, 0 young (0K), 0 survivors (0K)
 Metaspace       used 37018K, committed 37568K, reserved 1114112K
  class space    used 4785K, committed 4992K, reserved 1048576K
}
Event: 727.916 GC heap before
{Heap before GC invocations=78 (full 66):
 garbage-first heap   total 57344K, used 18040K [0x00000000c0000000, 0x0000000100000000)
  region size 1024K, 1 young (1024K), 0 survivors (0K)
 Metaspace       used 37018K, committed 37568K, reserved 1114112K
  class space    used 4785K, committed 4992K, reserved 1048576K
}
Event: 727.944 GC heap after
{Heap after GC invocations=79 (full 67):
 garbage-first heap   total 57344K, used 18040K [0x00000000c0000000, 0x0000000100000000)
  region size 1024K, 0 young (0K), 0 survivors (0K)
 Metaspace       used 37018K, committed 37568K, reserved 1114112K
  class space    used 4785K, committed 4992K, reserved 1048576K
}
Event: 962.804 GC heap before
{Heap before GC invocations=79 (full 67):
 garbage-first heap   total 57344K, used 18040K [0x00000000c0000000, 0x0000000100000000)
  region size 1024K, 1 young (1024K), 0 survivors (0K)
 Metaspace       used 37018K, committed 37568K, reserved 1114112K
  class space    used 4785K, committed 4992K, reserved 1048576K
}
Event: 962.836 GC heap after
{Heap after GC invocations=80 (full 68):
 garbage-first heap   total 57344K, used 18040K [0x00000000c0000000, 0x0000000100000000)
  region size 1024K, 0 young (0K), 0 survivors (0K)
 Metaspace       used 37018K, committed 37568K, reserved 1114112K
  class space    used 4785K, committed 4992K, reserved 1048576K
}
Event: 973.992 GC heap before
{Heap before GC invocations=80 (full 68):
 garbage-first heap   total 57344K, used 18040K [0x00000000c0000000, 0x0000000100000000)
  region size 1024K, 1 young (1024K), 0 survivors (0K)
 Metaspace       used 37018K, committed 37568K, reserved 1114112K
  class space    used 4785K, committed 4992K, reserved 1048576K
}
Event: 974.021 GC heap after
{Heap after GC invocations=81 (full 69):
 garbage-first heap   total 57344K, used 18040K [0x00000000c0000000, 0x0000000100000000)
  region size 1024K, 0 young (0K), 0 survivors (0K)
 Metaspace       used 37018K, committed 37568K, reserved 1114112K
  class space    used 4785K, committed 4992K, reserved 1048576K
}
Event: 984.296 GC heap before
{Heap before GC invocations=81 (full 69):
 garbage-first heap   total 57344K, used 18040K [0x00000000c0000000, 0x0000000100000000)
  region size 1024K, 1 young (1024K), 0 survivors (0K)
 Metaspace       used 37018K, committed 37568K, reserved 1114112K
  class space    used 4785K, committed 4992K, reserved 1048576K
}
Event: 984.319 GC heap after
{Heap after GC invocations=82 (full 70):
 garbage-first heap   total 57344K, used 18040K [0x00000000c0000000, 0x0000000100000000)
  region size 1024K, 0 young (0K), 0 survivors (0K)
 Metaspace       used 37018K, committed 37568K, reserved 1114112K
  class space    used 4785K, committed 4992K, reserved 1048576K
}
Event: 994.539 GC heap before
{Heap before GC invocations=82 (full 70):
 garbage-first heap   total 57344K, used 18040K [0x00000000c0000000, 0x0000000100000000)
  region size 1024K, 1 young (1024K), 0 survivors (0K)
 Metaspace       used 37018K, committed 37568K, reserved 1114112K
  class space    used 4785K, committed 4992K, reserved 1048576K
}
Event: 994.563 GC heap after
{Heap after GC invocations=83 (full 71):
 garbage-first heap   total 57344K, used 18040K [0x00000000c0000000, 0x0000000100000000)
  region size 1024K, 0 young (0K), 0 survivors (0K)
 Metaspace       used 37018K, committed 37568K, reserved 1114112K
  class space    used 4785K, committed 4992K, reserved 1048576K
}
Event: 1005.281 GC heap before
{Heap before GC invocations=83 (full 71):
 garbage-first heap   total 57344K, used 18040K [0x00000000c0000000, 0x0000000100000000)
  region size 1024K, 1 young (1024K), 0 survivors (0K)
 Metaspace       used 37018K, committed 37568K, reserved 1114112K
  class space    used 4785K, committed 4992K, reserved 1048576K
}
Event: 1005.311 GC heap after
{Heap after GC invocations=84 (full 72):
 garbage-first heap   total 57344K, used 18040K [0x00000000c0000000, 0x0000000100000000)
  region size 1024K, 0 young (0K), 0 survivors (0K)
 Metaspace       used 37018K, committed 37568K, reserved 1114112K
  class space    used 4785K, committed 4992K, reserved 1048576K
}

