# JRE version: OpenJDK Runtime Environment Temurin-17.0.7+7 (17.0.7+7) (build 17.0.7+7)
# Java VM: OpenJDK 64-Bit Server VM Temurin-17.0.7+7 (17.0.7+7, mixed mode, emulated-client, tiered, compressed oops, compressed class ptrs, g1 gc, windows-amd64)
GC Precious Log:
 CPUs: 4 total, 4 available
 Memory: 3521M
 Large Page Support: Disabled
 NUMA Support: Disabled
 Compressed Oops: Enabled (32-bit)
 Heap Region Size: 1M
 Heap Min Capacity: 8M
 Heap Initial Capacity: 56M
 Heap Max Capacity: 1G
 Pre-touch: Disabled
 Parallel Workers: 4
 Concurrent Workers: 1
 Concurrent Refinement Workers: 4
 Periodic GC: Disabled
Heap:
 garbage-first heap   total 61440K, used 18083K [0x00000000c0000000, 0x0000000100000000)
  region size 1024K, 1 young (1024K), 0 survivors (0K)
 Metaspace       used 37024K, committed 37568K, reserved 1114112K
  class space    used 4790K, committed 4992K, reserved 1048576K
GC Heap History (20 events):
Event: 273.844 GC heap before
{Heap before GC invocations=29 (full 18):
 garbage-first heap   total 61440K, used 18083K [0x00000000c0000000, 0x0000000100000000)
  region size 1024K, 1 young (1024K), 0 survivors (0K)
 Metaspace       used 37024K, committed 37568K, reserved 1114112K
  class space    used 4790K, committed 4992K, reserved 1048576K
}
Event: 273.875 GC heap after
{Heap after GC invocations=30 (full 19):
 garbage-first heap   total 61440K, used 18083K [0x00000000c0000000, 0x0000000100000000)
  region size 1024K, 0 young (0K), 0 survivors (0K)
 Metaspace       used 37024K, committed 37568K, reserved 1114112K
  class space    used 4790K, committed 4992K, reserved 1048576K
}
Event: 284.065 GC heap before
{Heap before GC invocations=30 (full 19):
 garbage-first heap   total 61440K, used 18083K [0x00000000c0000000, 0x0000000100000000)
  region size 1024K, 1 young (1024K), 0 survivors (0K)
 Metaspace       used 37024K, committed 37568K, reserved 1114112K
  class space    used 4790K, committed 4992K, reserved 1048576K
}
Event: 284.088 GC heap after
{Heap after GC invocations=31 (full 20):
 garbage-first heap   total 61440K, used 18083K [0x00000000c0000000, 0x0000000100000000)
  region size 1024K, 0 young (0K), 0 survivors (0K)
 Metaspace       used 37024K, committed 37568K, reserved 1114112K
  class space    used 4790K, committed 4992K, reserved 1048576K
}
Event: 294.444 GC heap before
{Heap before GC invocations=31 (full 20):
 garbage-first heap   total 61440K, used 18083K [0x00000000c0000000, 0x0000000100000000)
  region size 1024K, 1 young (1024K), 0 survivors (0K)
 Metaspace       used 37024K, committed 37568K, reserved 1114112K
  class space    used 4790K, committed 4992K, reserved 1048576K
}
Event: 294.475 GC heap after
{Heap after GC invocations=32 (full 21):
 garbage-first heap   total 61440K, used 18083K [0x00000000c0000000, 0x0000000100000000)
  region size 1024K, 0 young (0K), 0 survivors (0K)
 Metaspace       used 37024K, committed 37568K, reserved 1114112K
  class space    used 4790K, committed 4992K, reserved 1048576K
}
Event: 304.686 GC heap before
{Heap before GC invocations=32 (full 21):
 garbage-first heap   total 61440K, used 18083K [0x00000000c0000000, 0x0000000100000000)
  region size 1024K, 1 young (1024K), 0 survivors (0K)
 Metaspace       used 37024K, committed 37568K, reserved 1114112K
  class space    used 4790K, committed 4992K, reserved 1048576K
}
Event: 304.719 GC heap after
{Heap after GC invocations=33 (full 22):
 garbage-first heap   total 61440K, used 18083K [0x00000000c0000000, 0x0000000100000000)
  region size 1024K, 0 young (0K), 0 survivors (0K)
 Metaspace       used 37024K, committed 37568K, reserved 1114112K
  class space    used 4790K, committed 4992K, reserved 1048576K
}
Event: 314.897 GC heap before
{Heap before GC invocations=33 (full 22):
 garbage-first heap   total 61440K, used 18083K [0x00000000c0000000, 0x0000000100000000)
  region size 1024K, 1 young (1024K), 0 survivors (0K)
 Metaspace       used 37024K, committed 37568K, reserved 1114112K
  class space    used 4790K, committed 4992K, reserved 1048576K
}
Event: 314.920 GC heap after
{Heap after GC invocations=34 (full 23):
 garbage-first heap   total 61440K, used 18083K [0x00000000c0000000, 0x0000000100000000)
  region size 1024K, 0 young (0K), 0 survivors (0K)
 Metaspace       used 37024K, committed 37568K, reserved 1114112K
  class space    used 4790K, committed 4992K, reserved 1048576K
}
Event: 325.127 GC heap before
{Heap before GC invocations=34 (full 23):
 garbage-first heap   total 61440K, used 18083K [0x00000000c0000000, 0x0000000100000000)
  region size 1024K, 1 young (1024K), 0 survivors (0K)
 Metaspace       used 37024K, committed 37568K, reserved 1114112K
  class space    used 4790K, committed 4992K, reserved 1048576K
}
Event: 325.170 GC heap after
{Heap after GC invocations=35 (full 24):
 garbage-first heap   total 61440K, used 18083K [0x00000000c0000000, 0x0000000100000000)
  region size 1024K, 0 young (0K), 0 survivors (0K)
 Metaspace       used 37024K, committed 37568K, reserved 1114112K
  class space    used 4790K, committed 4992K, reserved 1048576K
}
Event: 335.592 GC heap before
{Heap before GC invocations=35 (full 24):
 garbage-first heap   total 61440K, used 18083K [0x00000000c0000000, 0x0000000100000000)
  region size 1024K, 1 young (1024K), 0 survivors (0K)
 Metaspace       used 37024K, committed 37568K, reserved 1114112K
  class space    used 4790K, committed 4992K, reserved 1048576K
}
Event: 335.646 GC heap after
{Heap after GC invocations=36 (full 25):
 garbage-first heap   total 61440K, used 18083K [0x00000000c0000000, 0x0000000100000000)
  region size 1024K, 0 young (0K), 0 survivors (0K)
 Metaspace       used 37024K, committed 37568K, reserved 1114112K
  class space    used 4790K, committed 4992K, reserved 1048576K
}
Event: 346.007 GC heap before
{Heap before GC invocations=36 (full 25):
 garbage-first heap   total 61440K, used 18083K [0x00000000c0000000, 0x0000000100000000)
  region size 1024K, 1 young (1024K), 0 survivors (0K)
 Metaspace       used 37024K, committed 37568K, reserved 1114112K
  class space    used 4790K, committed 4992K, reserved 1048576K
}
Event: 346.069 GC heap after
{Heap after GC invocations=37 (full 26):
 garbage-first heap   total 61440K, used 18083K [0x00000000c0000000, 0x0000000100000000)
  region size 1024K, 0 young (0K), 0 survivors (0K)
 Metaspace       used 37024K, committed 37568K, reserved 1114112K
  class space    used 4790K, committed 4992K, reserved 1048576K
}
Event: 356.499 GC heap before
{Heap before GC invocations=37 (full 26):
 garbage-first heap   total 61440K, used 18083K [0x00000000c0000000, 0x0000000100000000)
  region size 1024K, 1 young (1024K), 0 survivors (0K)
 Metaspace       used 37024K, committed 37568K, reserved 1114112K
  class space    used 4790K, committed 4992K, reserved 1048576K
}
Event: 356.525 GC heap after
{Heap after GC invocations=38 (full 27):
 garbage-first heap   total 61440K, used 18083K [0x00000000c0000000, 0x0000000100000000)
  region size 1024K, 0 young (0K), 0 survivors (0K)
 Metaspace       used 37024K, committed 37568K, reserved 1114112K
  class space    used 4790K, committed 4992K, reserved 1048576K
}
Event: 366.999 GC heap before
{Heap before GC invocations=38 (full 27):
 garbage-first heap   total 61440K, used 18083K [0x00000000c0000000, 0x0000000100000000)
  region size 1024K, 1 young (1024K), 0 survivors (0K)
 Metaspace       used 37024K, committed 37568K, reserved 1114112K
  class space    used 4790K, committed 4992K, reserved 1048576K
}
Event: 367.032 GC heap after
{Heap after GC invocations=39 (full 28):
 garbage-first heap   total 61440K, used 18083K [0x00000000c0000000, 0x0000000100000000)
  region size 1024K, 0 young (0K), 0 survivors (0K)
 Metaspace       used 37024K, committed 37568K, reserved 1114112K
  class space    used 4790K, committed 4992K, reserved 1048576K
}

